#
# There is insufficient memory for the Java Runtime Environment to continue.
# Native memory allocation (mmap) failed to map 260046848 bytes. Error detail: G1 virtual space
# Possible reasons:
#   The system is out of physical RAM or swap space
#   This process is running with CompressedOops enabled, and the Java Heap may be blocking the growth of the native heap
# Possible solutions:
#   Reduce memory load on the system
#   Increase physical memory or swap space
#   Check if swap backing store is full
#   Decrease Java heap size (-Xmx/-Xms)
#   Decrease number of Java threads
#   Decrease Java thread stack sizes (-Xss)
#   Set larger code cache with -XX:ReservedCodeCacheSize=
#   JVM is running with Zero Based Compressed Oops mode in which the Java heap is
#     placed in the first 32GB address space. The Java Heap base address is the
#     maximum limit for the native heap growth. Please use -XX:HeapBaseMinAddress
#     to set the Java Heap base and to place the Java Heap above 32GB virtual address.
# This output file may be truncated or incomplete.
#
#  Out of Memory Error (os_windows.cpp:3631), pid=50016, tid=36152
#
# JRE version:  (22.0+36) (build )
# Java VM: Java HotSpot(TM) 64-Bit Server VM (22+36-2370, mixed mode, sharing, tiered, compressed oops, compressed class ptrs, g1 gc, windows-amd64)
# No core dump will be written. Minidumps are not enabled by default on client versions of Windows
#

---------------  S U M M A R Y ------------

Command Line: -Dprog.dir=C:\\Users\\swaro\\AppData\\Local\\Coursier\\data\\bin\ C:\Users\swaro\AppData\Local\Coursier\data\bin\scala.bat c:\Users\swaro\OneDrive\Documents\GitHub\Scala\hello-world\src\main\scala\ageonplanets.scala

Host: AMD Ryzen 7 4800HS with Radeon Graphics         , 16 cores, 15G,  Windows 10 , 64 bit Build 19041 (10.0.19041.3636)
Time: Mon May  6 00:33:33 2024 India Standard Time elapsed time: 0.018472 seconds (0d 0h 0m 0s)

---------------  T H R E A D  ---------------

Current thread (0x00000288939ed370):  JavaThread "Unknown thread" [_thread_in_vm, id=36152, stack(0x0000009a51c00000,0x0000009a51d00000) (1024K)]

Stack: [0x0000009a51c00000,0x0000009a51d00000]
Native frames: (J=compiled Java code, j=interpreted, Vv=VM code, C=native code)
V  [jvm.dll+0x6e2349]  (no source info available)
V  [jvm.dll+0x874ed3]  (no source info available)
V  [jvm.dll+0x8772fe]  (no source info available)
V  [jvm.dll+0x8779d3]  (no source info available)
V  [jvm.dll+0x27fcb6]  (no source info available)
V  [jvm.dll+0x6de9e5]  (no source info available)
V  [jvm.dll+0x6d34ea]  (no source info available)
V  [jvm.dll+0x35892a]  (no source info available)
V  [jvm.dll+0x360e56]  (no source info available)
V  [jvm.dll+0x3b3d7e]  (no source info available)
V  [jvm.dll+0x3b4028]  (no source info available)
V  [jvm.dll+0x32c4ec]  (no source info available)
V  [jvm.dll+0x32d0a8]  (no source info available)
V  [jvm.dll+0x83cd9c]  (no source info available)
V  [jvm.dll+0x3c0cc1]  (no source info available)
V  [jvm.dll+0x825d8c]  (no source info available)
V  [jvm.dll+0x45b9ee]  (no source info available)
V  [jvm.dll+0x45d871]  (no source info available)
C  [jli.dll+0x52a3]  (no source info available)
C  [ucrtbase.dll+0x21bb2]  (no source info available)
C  [KERNEL32.DLL+0x17344]  (no source info available)
C  [ntdll.dll+0x526b1]  (no source info available)


---------------  P R O C E S S  ---------------

Threads class SMR info:
_java_thread_list=0x00007ffdb33ec1c8, length=0, elements={
}

Java Threads: ( => current thread )
Total: 0

Other Threads:
  0x0000028893a549f0 WorkerThread "GC Thread#0"                     [id=26260, stack(0x0000009a51d00000,0x0000009a51e00000) (1024K)]
  0x0000028893a650a0 ConcurrentGCThread "G1 Main Marker"            [id=12648, stack(0x0000009a51e00000,0x0000009a51f00000) (1024K)]
  0x0000028893a66d70 WorkerThread "G1 Conc#0"                       [id=30652, stack(0x0000009a51f00000,0x0000009a52000000) (1024K)]

[error occurred during error reporting (printing all threads), id 0xc0000005, EXCEPTION_ACCESS_VIOLATION (0xc0000005) at pc=0x00007ffdb2b3f2b7]
VM state: not at safepoint (not fully initialized)

VM Mutex/Monitor currently owned by a thread:  ([mutex/lock_event])
[0x00007ffdb346ccc8] Heap_lock - owner thread: 0x00000288939ed370

Heap address: 0x0000000709400000, size: 3948 MB, Compressed Oops mode: Zero based, Oop shift amount: 3

CDS archive(s) mapped at: [0x0000000000000000-0x0000000000000000-0x0000000000000000), size 0, SharedBaseAddress: 0x0000000800000000, ArchiveRelocationMode: 1.
Narrow klass base: 0x0000000000000000, Narrow klass shift: 0, Narrow klass range: 0x0

GC Precious Log:
 CardTable entry size: 512
 Card Set container configuration: InlinePtr #cards 4 size 8 Array Of Cards #cards 16 size 48 Howl #buckets 8 coarsen threshold 3686 Howl Bitmap #cards 512 size 80 coarsen threshold 460 Card regions per heap region 1 cards per card region 4096

Heap:
 garbage-first heap   total reserved 4042752K, committed 0K, used 0K [0x0000000709400000, 0x0000000800000000)
  region size 2048K, 0 young (0K), 0 survivors (0K)

[error occurred during error reporting (printing heap information), id 0xc0000005, EXCEPTION_ACCESS_VIOLATION (0xc0000005) at pc=0x00007ffdb2f3e4e9]
GC Heap History (0 events):
No events

Dll operation events (1 events):
Event: 0.011 Loaded shared library C:\Program Files\Java\jdk-22\bin\java.dll

Deoptimization events (0 events):
No events

Classes loaded (0 events):
No events

Classes unloaded (0 events):
No events

Classes redefined (0 events):
No events

Internal exceptions (0 events):
No events

ZGC Phase Switch (0 events):
No events

VM Operations (0 events):
No events

Events (0 events):
No events


Dynamic libraries:
0x00007ff630ff0000 - 0x00007ff631000000 	C:\Program Files\Java\jdk-22\bin\java.exe
0x00007ffe73fb0000 - 0x00007ffe741a8000 	C:\Windows\SYSTEM32\ntdll.dll
0x00007ffe73d00000 - 0x00007ffe73dbd000 	C:\Windows\System32\KERNEL32.DLL
0x00007ffe71660000 - 0x00007ffe71956000 	C:\Windows\System32\KERNELBASE.dll
0x00007ffe71a00000 - 0x00007ffe71b00000 	C:\Windows\System32\ucrtbase.dll
0x00007ffe4a880000 - 0x00007ffe4a897000 	C:\Program Files\Java\jdk-22\bin\jli.dll
0x00007ffe47880000 - 0x00007ffe4789b000 	C:\Program Files\Java\jdk-22\bin\VCRUNTIME140.dll
0x00007ffe73810000 - 0x00007ffe738c0000 	C:\Windows\System32\ADVAPI32.dll
0x00007ffe72f90000 - 0x00007ffe7302e000 	C:\Windows\System32\msvcrt.dll
0x00007ffe733a0000 - 0x00007ffe73440000 	C:\Windows\System32\sechost.dll
0x00007ffe728c0000 - 0x00007ffe729e3000 	C:\Windows\System32\RPCRT4.dll
0x00007ffe71c50000 - 0x00007ffe71c77000 	C:\Windows\System32\bcrypt.dll
0x00007ffe73b60000 - 0x00007ffe73cff000 	C:\Windows\System32\USER32.dll
0x00007ffe71c20000 - 0x00007ffe71c42000 	C:\Windows\System32\win32u.dll
0x00007ffe61ed0000 - 0x00007ffe6216a000 	C:\Windows\WinSxS\amd64_microsoft.windows.common-controls_6595b64144ccf1df_6.0.19041.3636_none_60b6a03d71f818d5\COMCTL32.dll
0x00007ffe727b0000 - 0x00007ffe727db000 	C:\Windows\System32\GDI32.dll
0x00007ffe71ec0000 - 0x00007ffe71fd7000 	C:\Windows\System32\gdi32full.dll
0x00007ffe71960000 - 0x00007ffe719fd000 	C:\Windows\System32\msvcp_win.dll
0x00007ffe6a210000 - 0x00007ffe6a21a000 	C:\Windows\SYSTEM32\VERSION.dll
0x00007ffe73030000 - 0x00007ffe73062000 	C:\Windows\System32\IMM32.DLL
0x00007ffe5fb20000 - 0x00007ffe5fb2c000 	C:\Program Files\Java\jdk-22\bin\vcruntime140_1.dll
0x00007ffe33500000 - 0x00007ffe3358e000 	C:\Program Files\Java\jdk-22\bin\msvcp140.dll
0x00007ffdb2800000 - 0x00007ffdb3548000 	C:\Program Files\Java\jdk-22\bin\server\jvm.dll
0x00007ffe737a0000 - 0x00007ffe7380b000 	C:\Windows\System32\WS2_32.dll
0x00007ffe6fc20000 - 0x00007ffe6fc47000 	C:\Windows\SYSTEM32\WINMM.dll
0x00007ffe710e0000 - 0x00007ffe7112b000 	C:\Windows\SYSTEM32\POWRPROF.dll
0x00007ffe710c0000 - 0x00007ffe710d2000 	C:\Windows\SYSTEM32\UMPDC.dll
0x00007ffe6fe80000 - 0x00007ffe6fe92000 	C:\Windows\SYSTEM32\kernel.appcore.dll
0x00007ffe5f6b0000 - 0x00007ffe5f6ba000 	C:\Program Files\Java\jdk-22\bin\jimage.dll
0x00007ffe6fa30000 - 0x00007ffe6fc14000 	C:\Windows\SYSTEM32\DBGHELP.DLL
0x00007ffe6f9f0000 - 0x00007ffe6fa24000 	C:\Windows\SYSTEM32\dbgcore.DLL
0x00007ffe71de0000 - 0x00007ffe71e62000 	C:\Windows\System32\bcryptPrimitives.dll
0x00007ffe40f30000 - 0x00007ffe40f4e000 	C:\Program Files\Java\jdk-22\bin\java.dll
0x00007ffe71fe0000 - 0x00007ffe7274b000 	C:\Windows\System32\SHELL32.dll
0x00007ffe729f0000 - 0x00007ffe72b1b000 	C:\Windows\System32\ole32.dll
0x00007ffe73440000 - 0x00007ffe73793000 	C:\Windows\System32\combase.dll

dbghelp: loaded successfully - version: 4.0.5 - missing functions: none
symbol engine: initialized successfully - sym options: 0x614 - pdb path: .;C:\Program Files\Java\jdk-22\bin;C:\Windows\SYSTEM32;C:\Windows\WinSxS\amd64_microsoft.windows.common-controls_6595b64144ccf1df_6.0.19041.3636_none_60b6a03d71f818d5;C:\Program Files\Java\jdk-22\bin\server

VM Arguments:
jvm_args: -Dprog.dir=C:\\Users\\swaro\\AppData\\Local\\Coursier\\data\\bin\ 
java_command: C:\Users\swaro\AppData\Local\Coursier\data\bin\scala.bat c:\Users\swaro\OneDrive\Documents\GitHub\Scala\hello-world\src\main\scala\ageonplanets.scala
java_class_path (initial): C:\Users\swaro\AppData\Local\Coursier\data\bin\scala.bat
Launcher Type: SUN_STANDARD

[Global flags]
     intx CICompilerCount                          = 12                                        {product} {ergonomic}
     uint ConcGCThreads                            = 3                                         {product} {ergonomic}
     uint G1ConcRefinementThreads                  = 13                                        {product} {ergonomic}
   size_t G1HeapRegionSize                         = 2097152                                   {product} {ergonomic}
   size_t InitialHeapSize                          = 260046848                                 {product} {ergonomic}
   size_t MarkStackSize                            = 4194304                                   {product} {ergonomic}
   size_t MaxHeapSize                              = 4139778048                                {product} {ergonomic}
   size_t MinHeapDeltaBytes                        = 2097152                                   {product} {ergonomic}
   size_t MinHeapSize                              = 8388608                                   {product} {ergonomic}
    uintx NonNMethodCodeHeapSize                   = 7602480                                {pd product} {ergonomic}
    uintx NonProfiledCodeHeapSize                  = 122027880                              {pd product} {ergonomic}
    uintx ProfiledCodeHeapSize                     = 122027880                              {pd product} {ergonomic}
    uintx ReservedCodeCacheSize                    = 251658240                              {pd product} {ergonomic}
     bool SegmentedCodeCache                       = true                                      {product} {ergonomic}
   size_t SoftMaxHeapSize                          = 4139778048                             {manageable} {ergonomic}
     bool UseCompressedOops                        = true                           {product lp64_product} {ergonomic}
     bool UseG1GC                                  = true                                      {product} {ergonomic}
     bool UseLargePagesIndividualAllocation        = false                                  {pd product} {ergonomic}

Logging:
Log output configuration:
 #0: stdout all=warning uptime,level,tags foldmultilines=false
 #1: stderr all=off uptime,level,tags foldmultilines=false

Environment Variables:
PATH=C:\Program Files\Common Files\Oracle\Java\javapath;C:\Program Files\Microsoft MPI\Bin\;C:\Windows\system32;C:\Windows;C:\Windows\System32\Wbem;C:\Windows\System32\WindowsPowerShell\v1.0\;C:\Windows\System32\OpenSSH\;C:\Program Files\Git\cmd;C:\Program Files\MATLAB\R2023b\bin;C:\Program Files\NVIDIA Corporation\NVIDIA NvDLISR;C:\Program Files\dotnet\;C:\ProgramData\chocolatey\bin;C:\Program Files\nodejs\;C:\Program Files\Go\bin;;C:\Program Files (x86)\NVIDIA Corporation\PhysX\Common;C:\Users\swaro\AppData\Local\Programs\Python\Python312\Scripts\;C:\Users\swaro\AppData\Local\Programs\Python\Python312\;C:\Users\swaro\AppData\Local\Microsoft\WindowsApps;C:\Users\swaro\AppData\Local\Programs\Microsoft VS Code\bin;C:\Users\swaro\AppData\Local\GitHubDesktop\bin;C:\Users\swaro\AppData\Roaming\cabal\bin;C:\tools\ghc-9.8.1\bin;C:\tools\msys64;C:\Users\swaro\AppData\Roaming\npm;C:\Users\swaro\AppData\Local\Programs\MiKTeX\miktex\bin\x64\;C:\ghcup\bin;C:\Users\swaro\go\bin;C:\Users\swaro\.dotnet\tools;C:\MinGW\bin;C:\MinGW\lib;C:\adb\platform-tools-latest-windows\platform-tools;C:\Program Files\MongoDB\Server\7.0\bin;;C:\Users\swaro\AppData\Local\Coursier\data\bin
USERNAME=swaro
LANG=en_US.UTF-8
OS=Windows_NT
PROCESSOR_IDENTIFIER=AMD64 Family 23 Model 96 Stepping 1, AuthenticAMD
TMP=C:\Users\swaro\AppData\Local\Temp
TEMP=C:\Users\swaro\AppData\Local\Temp




Periodic native trim disabled

---------------  S Y S T E M  ---------------

OS:
 Windows 10 , 64 bit Build 19041 (10.0.19041.3636)
OS uptime: 8 days 14:01 hours

CPU: total 16 (initial active 16) (16 cores per cpu, 2 threads per core) family 23 model 96 stepping 1 microcode 0x0, cx8, cmov, fxsr, ht, mmx, 3dnowpref, sse, sse2, sse3, ssse3, sse4a, sse4.1, sse4.2, popcnt, lzcnt, tsc, tscinvbit, avx, avx2, aes, clmul, bmi1, bmi2, adx, sha, fma, vzeroupper, clflush, clflushopt, rdtscp, rdpid, f16c
Processor Information for all 16 processors :
  Max Mhz: 2900, Current Mhz: 2900, Mhz Limit: 2900

Memory: 4k page, system-wide physical 15789M (1640M free)
TotalPageFile size 35578M (AvailPageFile size 25M)
current process WorkingSet (physical memory assigned to process): 11M, peak: 11M
current process commit charge ("private bytes"): 71M, peak: 318M

vm_info: Java HotSpot(TM) 64-Bit Server VM (22+36-2370) for windows-amd64 JRE (22+36-2370), built on 2024-02-15T22:15:19Z by "mach5one" with MS VC++ 17.6 (VS2022)

END.
