java.nio.file.AccessDeniedException: C:\Users\swaro\AppData\Local\ScalaCli\cache\.bsp-sockets.tmp-9824 -> C:\Users\swaro\AppData\Local\ScalaCli\cache\bsp-sockets
  java.base@17.0.6/sun.nio.fs.WindowsFileCopy.move(WindowsFileCopy.java:317)
  java.base@17.0.6/sun.nio.fs.WindowsFileSystemProvider.move(WindowsFileSystemProvider.java:293)
  java.base@17.0.6/java.nio.file.Files.move(Files.java:1432)
  os.move$.apply(FileOps.scala:98)
  scala.cli.commands.shared.SharedCompilationServerOptions.socketDirectory(SharedCompilationServerOptions.scala:119)
  scala.cli.commands.shared.SharedCompilationServerOptions.bspSocketFile(SharedCompilationServerOptions.scala:139)
  scala.cli.commands.shared.SharedCompilationServerOptions.namedSocket$1$$anonfun$1(SharedCompilationServerOptions.scala:163)
  bloop.rifle.BloopRifle$.$anonfun$bsp$1(BloopRifle.scala:102)
  scala.Option.map(Option.scala:242)
  bloop.rifle.BloopRifle$.bsp(BloopRifle.scala:102)
  bloop.rifle.BloopServer$.bsp(BloopServer.scala:162)
  bloop.rifle.BloopServer$.buildServer(BloopServer.scala:185)
  scala.build.bsp.BspImpl.$anonfun$10(BspImpl.scala:424)
  scala.build.compiler.BloopCompiler.<init>(BloopCompiler.scala:15)
  scala.build.bsp.BspImpl.newBloopSession(BspImpl.scala:429)
  scala.build.bsp.BspImpl.run(BspImpl.scala:470)
  scala.cli.commands.bsp.Bsp$.runCommand$$anonfun$1(Bsp.scala:126)
  scala.runtime.function.JProcedure1.apply(JProcedure1.java:15)
  scala.runtime.function.JProcedure1.apply(JProcedure1.java:10)
  scala.build.bsp.BspThreads$.withThreads(BspThreads.scala:23)
  scala.cli.commands.bsp.Bsp$.runCommand(Bsp.scala:129)
  scala.cli.commands.bsp.Bsp$.runCommand(Bsp.scala:35)
  scala.cli.commands.ScalaCommand.run(ScalaCommand.scala:376)
  scala.cli.commands.ScalaCommand.run(ScalaCommand.scala:358)
  caseapp.core.app.CaseApp.main(CaseApp.scala:157)
  scala.cli.commands.ScalaCommand.main(ScalaCommand.scala:343)
  caseapp.core.app.CommandsEntryPoint.main(CommandsEntryPoint.scala:166)
  scala.cli.ScalaCliCommands.main(ScalaCliCommands.scala:125)
  scala.cli.ScalaCli$.main0(ScalaCli.scala:286)
  scala.cli.ScalaCli$.main(ScalaCli.scala:114)
  scala.cli.ScalaCli.main(ScalaCli.scala)
